<?xml version="1.0" encoding="UTF-8"?>
<testsuite xmlns:xsi="http://www.w3.org/2001/XMLSchema-instance" xsi:noNamespaceSchemaLocation="https://maven.apache.org/surefire/maven-surefire-plugin/xsd/surefire-test-report-3.0.xsd" version="3.0" name="fr.univ_orleans.iut45.r207.tp2.AppTest" time="658.682" tests="8" errors="0" skipped="0" failures="0">
  <properties>
[...]
</properties>
  <testcase name="testDistanceEntreActeurs2" classname="fr.univ_orleans.iut45.r207.tp2.AppTest" time="0.061">
    <system-out><![CDATA[Un des sommets est inconnu
]]></system-out>
  </testcase>
  <testcase name="testCentralite3" classname="fr.univ_orleans.iut45.r207.tp2.AppTest" time="0.0"/>
  <testcase name="testCentreGraphe4" classname="fr.univ_orleans.iut45.r207.tp2.AppTest" time="0.0"/>
  <testcase name="testDistanceMaximaleDataTxt" classname="fr.univ_orleans.iut45.r207.tp2.AppTest" time="658.552">
    <system-out><![CDATA[Diamètre du graphe (data_100.txt) : 3
]]></system-out>
  </testcase>
  <testcase name="testGetCollaboCommuns" classname="fr.univ_orleans.iut45.r207.tp2.AppTest" time="0.0"/>
  <testcase name="testCollaboProche1" classname="fr.univ_orleans.iut45.r207.tp2.AppTest" time="0.0"/>
  <testcase name="testDistanceMaximale5" classname="fr.univ_orleans.iut45.r207.tp2.AppTest" time="0.0"/>
  <testcase name="testSousGrapheDesProches6" classname="fr.univ_orleans.iut45.r207.tp2.AppTest" time="0.01"/>
</testsuite>